Assembler report for V1_v1
Tue Feb 13 23:45:57 2018
Quartus Prime Version 16.1.0 Build 196 10/24/2016 SJ Standard Edition


---------------------
; Table of Contents ;
---------------------
  1. Legal Notice
  2. Assembler Summary
  3. Assembler Settings
  4. Assembler Generated Files
  5. Assembler Device Options: C:/intelFPGA/16.1/Projects/Prokinka/Verilog/V1_v1/output_files/V1_v1.sof
  6. Assembler Messages



----------------
; Legal Notice ;
----------------
Copyright (C) 2016  Intel Corporation. All rights reserved.
Your use of Intel Corporation's design tools, logic functions 
and other software and tools, and its AMPP partner logic 
functions, and any output files from any of the foregoing 
(including device programming or simulation files), and any 
associated documentation or information are expressly subject 
to the terms and conditions of the Intel Program License 
Subscription Agreement, the Intel Quartus Prime License Agreement,
the Intel MegaCore Function License Agreement, or other 
applicable license agreement, including, without limitation, 
that your use is for the sole purpose of programming logic 
devices manufactured by Intel and sold by Intel or its 
authorized distributors.  Please refer to the applicable 
agreement for further details.



+---------------------------------------------------------------+
; Assembler Summary                                             ;
+-----------------------+---------------------------------------+
; Assembler Status      ; Successful - Tue Feb 13 23:45:57 2018 ;
; Revision Name         ; V1_v1                                 ;
; Top-level Entity Name ; behav                                 ;
; Family                ; Cyclone V                             ;
; Device                ; 5CGXFC7C7F23C8                        ;
+-----------------------+---------------------------------------+


+----------------------------------+
; Assembler Settings               ;
+--------+---------+---------------+
; Option ; Setting ; Default Value ;
+--------+---------+---------------+


+--------------------------------------------------------------------------+
; Assembler Generated Files                                                ;
+--------------------------------------------------------------------------+
; File Name                                                                ;
+--------------------------------------------------------------------------+
; C:/intelFPGA/16.1/Projects/Prokinka/Verilog/V1_v1/output_files/V1_v1.sof ;
+--------------------------------------------------------------------------+


+----------------------------------------------------------------------------------------------------+
; Assembler Device Options: C:/intelFPGA/16.1/Projects/Prokinka/Verilog/V1_v1/output_files/V1_v1.sof ;
+----------------+-----------------------------------------------------------------------------------+
; Option         ; Setting                                                                           ;
+----------------+-----------------------------------------------------------------------------------+
; Device         ; 5CGXFC7C7F23C8                                                                    ;
; JTAG usercode  ; 0x00EC462C                                                                        ;
; Checksum       ; 0x00EC462C                                                                        ;
+----------------+-----------------------------------------------------------------------------------+


+--------------------+
; Assembler Messages ;
+--------------------+
Info: *******************************************************************
Info: Running Quartus Prime Assembler
    Info: Version 16.1.0 Build 196 10/24/2016 SJ Standard Edition
    Info: Processing started: Tue Feb 13 23:45:45 2018
Info: Command: quartus_asm --read_settings_files=off --write_settings_files=off V1_v1 -c V1_v1
Info (115030): Assembler is generating device programming files
Info: Quartus Prime Assembler was successful. 0 errors, 0 warnings
    Info: Peak virtual memory: 742 megabytes
    Info: Processing ended: Tue Feb 13 23:45:57 2018
    Info: Elapsed time: 00:00:12
    Info: Total CPU time (on all processors): 00:00:12


